<?xml version="1.0" encoding="UTF-8"?>
<testsuite name="com.imane.calculatrice.CalculatriceApplicationTests" tests="1" skipped="0" failures="0" errors="0" timestamp="2024-10-29T14:10:06" hostname="abdelbasset-virtual-machine" time="0.021">
  <properties/>
  <testcase name="testSum()" classname="com.imane.calculatrice.CalculatriceApplicationTests" time="0.021"/>
  <system-out><![CDATA[]]></system-out>
  <system-err><![CDATA[]]></system-err>
</testsuite>
